hsa
None
Could not get library: hsa
could not read code: ko00010
could not read code: hsa00010
('Pathway: ', 'hsa00010', ' Overlap: ', 0, ' Edges: ', 0)
could not read code: ko00020
could not read code: hsa00020
('Pathway: ', 'hsa00020', ' Overlap: ', 0, ' Edges: ', 0)
could not read code: ko00030
could not read code: hsa00030
('Pathway: ', 'hsa00030', ' Overlap: ', 0, ' Edges: ', 0)
could not read code: ko00040
could not read code: hsa00040
('Pathway: ', 'hsa00040', ' Overlap: ', 0, ' Edges: ', 0)
could not read code: ko00051
could not read code: hsa00051
('Pathway: ', 'hsa00051', ' Overlap: ', 0, ' Edges: ', 0)
could not read code: ko00052
could not read code: hsa00052
('Pathway: ', 'hsa00052', ' Overlap: ', 0, ' Edges: ', 0)
could not read code: ko00053
could not read code: hsa00053
('Pathway: ', 'hsa00053', ' Overlap: ', 0, ' Edges: ', 0)
could not read code: ko00061
could not read code: hsa00061
('Pathway: ', 'hsa00061', ' Overlap: ', 0, ' Edges: ', 0)
could not read code: ko00062
could not read code: hsa00062
('Pathway: ', 'hsa00062', ' Overlap: ', 0, ' Edges: ', 0)
could not read code: ko00071
could not read code: hsa00071
('Pathway: ', 'hsa00071', ' Overlap: ', 0, ' Edges: ', 0)
could not read code: ko00100
could not read code: hsa00100
('Pathway: ', 'hsa00100', ' Overlap: ', 0, ' Edges: ', 0)
could not read code: ko00120
could not read code: hsa00120
('Pathway: ', 'hsa00120', ' Overlap: ', 0, ' Edges: ', 0)
could not read code: ko00130
could not read code: hsa00130
('Pathway: ', 'hsa00130', ' Overlap: ', 0, ' Edges: ', 0)
could not read code: ko00140
could not read code: hsa00140
('Pathway: ', 'hsa00140', ' Overlap: ', 0, ' Edges: ', 0)
could not read code: ko00190
could not read code: hsa00190
('Pathway: ', 'hsa00190', ' Overlap: ', 0, ' Edges: ', 0)
could not read code: ko00220
could not read code: hsa00220
('Pathway: ', 'hsa00220', ' Overlap: ', 0, ' Edges: ', 0)
could not read code: ko00230
could not read code: hsa00230
('Pathway: ', 'hsa00230', ' Overlap: ', 0, ' Edges: ', 0)
could not read code: ko00232
could not read code: hsa00232
('Pathway: ', 'hsa00232', ' Overlap: ', 0, ' Edges: ', 0)
could not read code: ko00240
could not read code: hsa00240
('Pathway: ', 'hsa00240', ' Overlap: ', 0, ' Edges: ', 0)
could not read code: ko00250
could not read code: hsa00250
('Pathway: ', 'hsa00250', ' Overlap: ', 0, ' Edges: ', 0)
could not read code: ko00260
could not read code: hsa00260
('Pathway: ', 'hsa00260', ' Overlap: ', 0, ' Edges: ', 0)
could not read code: ko00270
could not read code: hsa00270
('Pathway: ', 'hsa00270', ' Overlap: ', 0, ' Edges: ', 0)
could not read code: ko00280
could not read code: hsa00280
('Pathway: ', 'hsa00280', ' Overlap: ', 0, ' Edges: ', 0)
could not read code: ko00290
could not read code: hsa00290
('Pathway: ', 'hsa00290', ' Overlap: ', 0, ' Edges: ', 0)
could not read code: ko00310
could not read code: hsa00310
('Pathway: ', 'hsa00310', ' Overlap: ', 0, ' Edges: ', 0)
could not read code: ko00330
could not read code: hsa00330
('Pathway: ', 'hsa00330', ' Overlap: ', 0, ' Edges: ', 0)
could not read code: ko00340
could not read code: hsa00340
('Pathway: ', 'hsa00340', ' Overlap: ', 0, ' Edges: ', 0)
could not read code: ko00350
could not read code: hsa00350
('Pathway: ', 'hsa00350', ' Overlap: ', 0, ' Edges: ', 0)
could not read code: ko00360
could not read code: hsa00360
('Pathway: ', 'hsa00360', ' Overlap: ', 0, ' Edges: ', 0)
could not read code: ko00380
could not read code: hsa00380
('Pathway: ', 'hsa00380', ' Overlap: ', 0, ' Edges: ', 0)
could not read code: ko00400
could not read code: hsa00400
('Pathway: ', 'hsa00400', ' Overlap: ', 0, ' Edges: ', 0)
could not read code: ko00410
could not read code: hsa00410
('Pathway: ', 'hsa00410', ' Overlap: ', 0, ' Edges: ', 0)
could not read code: ko00430
could not read code: hsa00430
('Pathway: ', 'hsa00430', ' Overlap: ', 0, ' Edges: ', 0)
could not read code: ko00440
could not read code: hsa00440
('Pathway: ', 'hsa00440', ' Overlap: ', 0, ' Edges: ', 0)
could not read code: ko00450
could not read code: hsa00450
('Pathway: ', 'hsa00450', ' Overlap: ', 0, ' Edges: ', 0)
could not read code: ko00470
could not read code: hsa00470
('Pathway: ', 'hsa00470', ' Overlap: ', 0, ' Edges: ', 0)
could not read code: ko00480
could not read code: hsa00480
('Pathway: ', 'hsa00480', ' Overlap: ', 0, ' Edges: ', 0)
could not read code: ko00500
could not read code: hsa00500
('Pathway: ', 'hsa00500', ' Overlap: ', 0, ' Edges: ', 0)
could not read code: ko00510
could not read code: hsa00510
('Pathway: ', 'hsa00510', ' Overlap: ', 0, ' Edges: ', 0)
could not read code: ko00511
could not read code: hsa00511
('Pathway: ', 'hsa00511', ' Overlap: ', 0, ' Edges: ', 0)
could not read code: ko00512
could not read code: hsa00512
('Pathway: ', 'hsa00512', ' Overlap: ', 0, ' Edges: ', 0)
could not read code: ko00513
could not read code: hsa00513
('Pathway: ', 'hsa00513', ' Overlap: ', 0, ' Edges: ', 0)
could not read code: ko00514
could not read code: hsa00514
('Pathway: ', 'hsa00514', ' Overlap: ', 0, ' Edges: ', 0)
could not read code: ko00515
could not read code: hsa00515
('Pathway: ', 'hsa00515', ' Overlap: ', 0, ' Edges: ', 0)
could not read code: ko00520
could not read code: hsa00520
('Pathway: ', 'hsa00520', ' Overlap: ', 0, ' Edges: ', 0)
could not read code: ko00524
could not read code: hsa00524
('Pathway: ', 'hsa00524', ' Overlap: ', 0, ' Edges: ', 0)
could not read code: ko00531
could not read code: hsa00531
('Pathway: ', 'hsa00531', ' Overlap: ', 0, ' Edges: ', 0)
could not read code: ko00532
could not read code: hsa00532
('Pathway: ', 'hsa00532', ' Overlap: ', 0, ' Edges: ', 0)
could not read code: ko00533
could not read code: hsa00533
('Pathway: ', 'hsa00533', ' Overlap: ', 0, ' Edges: ', 0)
could not read code: ko00534
could not read code: hsa00534
('Pathway: ', 'hsa00534', ' Overlap: ', 0, ' Edges: ', 0)
could not read code: ko00561
could not read code: hsa00561
('Pathway: ', 'hsa00561', ' Overlap: ', 0, ' Edges: ', 0)
could not read code: ko00562
could not read code: hsa00562
('Pathway: ', 'hsa00562', ' Overlap: ', 0, ' Edges: ', 0)
could not read code: ko00563
could not read code: hsa00563
('Pathway: ', 'hsa00563', ' Overlap: ', 0, ' Edges: ', 0)
could not read code: ko00564
could not read code: hsa00564
('Pathway: ', 'hsa00564', ' Overlap: ', 0, ' Edges: ', 0)
could not read code: ko00565
could not read code: hsa00565
('Pathway: ', 'hsa00565', ' Overlap: ', 0, ' Edges: ', 0)
could not read code: ko00590
could not read code: hsa00590
('Pathway: ', 'hsa00590', ' Overlap: ', 0, ' Edges: ', 0)
could not read code: ko00591
could not read code: hsa00591
('Pathway: ', 'hsa00591', ' Overlap: ', 0, ' Edges: ', 0)
could not read code: ko00592
could not read code: hsa00592
('Pathway: ', 'hsa00592', ' Overlap: ', 0, ' Edges: ', 0)
could not read code: ko00600
could not read code: hsa00600
('Pathway: ', 'hsa00600', ' Overlap: ', 0, ' Edges: ', 0)
could not read code: ko00601
could not read code: hsa00601
('Pathway: ', 'hsa00601', ' Overlap: ', 0, ' Edges: ', 0)
could not read code: ko00603
could not read code: hsa00603
('Pathway: ', 'hsa00603', ' Overlap: ', 0, ' Edges: ', 0)
could not read code: ko00604
could not read code: hsa00604
('Pathway: ', 'hsa00604', ' Overlap: ', 0, ' Edges: ', 0)
could not read code: ko00620
could not read code: hsa00620
('Pathway: ', 'hsa00620', ' Overlap: ', 0, ' Edges: ', 0)
could not read code: ko00630
could not read code: hsa00630
('Pathway: ', 'hsa00630', ' Overlap: ', 0, ' Edges: ', 0)
could not read code: ko00640
could not read code: hsa00640
('Pathway: ', 'hsa00640', ' Overlap: ', 0, ' Edges: ', 0)
could not read code: ko00650
could not read code: hsa00650
('Pathway: ', 'hsa00650', ' Overlap: ', 0, ' Edges: ', 0)
could not read code: ko00670
could not read code: hsa00670
('Pathway: ', 'hsa00670', ' Overlap: ', 0, ' Edges: ', 0)
could not read code: ko00730
could not read code: hsa00730
('Pathway: ', 'hsa00730', ' Overlap: ', 0, ' Edges: ', 0)
could not read code: ko00740
could not read code: hsa00740
('Pathway: ', 'hsa00740', ' Overlap: ', 0, ' Edges: ', 0)
could not read code: ko00750
could not read code: hsa00750
('Pathway: ', 'hsa00750', ' Overlap: ', 0, ' Edges: ', 0)
could not read code: ko00760
could not read code: hsa00760
('Pathway: ', 'hsa00760', ' Overlap: ', 0, ' Edges: ', 0)
could not read code: ko00770
could not read code: hsa00770
('Pathway: ', 'hsa00770', ' Overlap: ', 0, ' Edges: ', 0)
could not read code: ko00780
could not read code: hsa00780
('Pathway: ', 'hsa00780', ' Overlap: ', 0, ' Edges: ', 0)
could not read code: ko00785
could not read code: hsa00785
('Pathway: ', 'hsa00785', ' Overlap: ', 0, ' Edges: ', 0)
could not read code: ko00790
could not read code: hsa00790
('Pathway: ', 'hsa00790', ' Overlap: ', 0, ' Edges: ', 0)
could not read code: ko00830
could not read code: hsa00830
('Pathway: ', 'hsa00830', ' Overlap: ', 0, ' Edges: ', 0)
could not read code: ko00860
could not read code: hsa00860
('Pathway: ', 'hsa00860', ' Overlap: ', 0, ' Edges: ', 0)
could not read code: ko00900
could not read code: hsa00900
('Pathway: ', 'hsa00900', ' Overlap: ', 0, ' Edges: ', 0)
could not read code: ko00910
could not read code: hsa00910
('Pathway: ', 'hsa00910', ' Overlap: ', 0, ' Edges: ', 0)
could not read code: ko00920
could not read code: hsa00920
('Pathway: ', 'hsa00920', ' Overlap: ', 0, ' Edges: ', 0)
could not read code: ko00970
could not read code: hsa00970
('Pathway: ', 'hsa00970', ' Overlap: ', 0, ' Edges: ', 0)
could not read code: ko00980
could not read code: hsa00980
('Pathway: ', 'hsa00980', ' Overlap: ', 0, ' Edges: ', 0)
could not read code: ko00982
could not read code: hsa00982
('Pathway: ', 'hsa00982', ' Overlap: ', 0, ' Edges: ', 0)
could not read code: ko00983
could not read code: hsa00983
('Pathway: ', 'hsa00983', ' Overlap: ', 0, ' Edges: ', 0)
could not read code: ko01040
could not read code: hsa01040
('Pathway: ', 'hsa01040', ' Overlap: ', 0, ' Edges: ', 0)
could not read code: ko01100
could not read code: hsa01100
('Pathway: ', 'hsa01100', ' Overlap: ', 0, ' Edges: ', 0)
could not read code: ko01200
could not read code: hsa01200
('Pathway: ', 'hsa01200', ' Overlap: ', 0, ' Edges: ', 0)
could not read code: ko01210
could not read code: hsa01210
('Pathway: ', 'hsa01210', ' Overlap: ', 0, ' Edges: ', 0)
could not read code: ko01212
could not read code: hsa01212
('Pathway: ', 'hsa01212', ' Overlap: ', 0, ' Edges: ', 0)
could not read code: ko01230
could not read code: hsa01230
('Pathway: ', 'hsa01230', ' Overlap: ', 0, ' Edges: ', 0)
could not read code: ko01240
could not read code: hsa01240
('Pathway: ', 'hsa01240', ' Overlap: ', 0, ' Edges: ', 0)
could not read code: ko01250
could not read code: hsa01250
('Pathway: ', 'hsa01250', ' Overlap: ', 0, ' Edges: ', 0)
could not read code: ko01521
could not read code: hsa01521
('Pathway: ', 'hsa01521', ' Overlap: ', 0, ' Edges: ', 0)
could not read code: ko01522
could not read code: hsa01522
('Pathway: ', 'hsa01522', ' Overlap: ', 0, ' Edges: ', 0)
could not read code: ko01523
could not read code: hsa01523
('Pathway: ', 'hsa01523', ' Overlap: ', 0, ' Edges: ', 0)
could not read code: ko01524
could not read code: hsa01524
('Pathway: ', 'hsa01524', ' Overlap: ', 0, ' Edges: ', 0)
could not read code: ko02010
could not read code: hsa02010
('Pathway: ', 'hsa02010', ' Overlap: ', 0, ' Edges: ', 0)
could not read code: ko03008
could not read code: hsa03008
('Pathway: ', 'hsa03008', ' Overlap: ', 0, ' Edges: ', 0)
could not read code: ko03010
could not read code: hsa03010
('Pathway: ', 'hsa03010', ' Overlap: ', 0, ' Edges: ', 0)
could not read code: ko03013
could not read code: hsa03013
('Pathway: ', 'hsa03013', ' Overlap: ', 0, ' Edges: ', 0)
could not read code: ko03015
could not read code: hsa03015
('Pathway: ', 'hsa03015', ' Overlap: ', 0, ' Edges: ', 0)
could not read code: ko03018
could not read code: hsa03018
('Pathway: ', 'hsa03018', ' Overlap: ', 0, ' Edges: ', 0)
could not read code: ko03020
could not read code: hsa03020
('Pathway: ', 'hsa03020', ' Overlap: ', 0, ' Edges: ', 0)
could not read code: ko03022
could not read code: hsa03022
('Pathway: ', 'hsa03022', ' Overlap: ', 0, ' Edges: ', 0)
could not read code: ko03030
could not read code: hsa03030
('Pathway: ', 'hsa03030', ' Overlap: ', 0, ' Edges: ', 0)
could not read code: ko03040
could not read code: hsa03040
('Pathway: ', 'hsa03040', ' Overlap: ', 0, ' Edges: ', 0)
could not read code: ko03050
could not read code: hsa03050
('Pathway: ', 'hsa03050', ' Overlap: ', 0, ' Edges: ', 0)
could not read code: ko03060
could not read code: hsa03060
('Pathway: ', 'hsa03060', ' Overlap: ', 0, ' Edges: ', 0)
could not read code: ko03320
could not read code: hsa03320
('Pathway: ', 'hsa03320', ' Overlap: ', 0, ' Edges: ', 0)
could not read code: ko03410
could not read code: hsa03410
('Pathway: ', 'hsa03410', ' Overlap: ', 0, ' Edges: ', 0)
could not read code: ko03420
could not read code: hsa03420
('Pathway: ', 'hsa03420', ' Overlap: ', 0, ' Edges: ', 0)
could not read code: ko03430
could not read code: hsa03430
('Pathway: ', 'hsa03430', ' Overlap: ', 0, ' Edges: ', 0)
could not read code: ko03440
could not read code: hsa03440
('Pathway: ', 'hsa03440', ' Overlap: ', 0, ' Edges: ', 0)
could not read code: ko03450
could not read code: hsa03450
('Pathway: ', 'hsa03450', ' Overlap: ', 0, ' Edges: ', 0)
could not read code: ko03460
could not read code: hsa03460
('Pathway: ', 'hsa03460', ' Overlap: ', 0, ' Edges: ', 0)
could not read code: ko04010
could not read code: hsa04010
('Pathway: ', 'hsa04010', ' Overlap: ', 0, ' Edges: ', 0)
could not read code: ko04012
could not read code: hsa04012
('Pathway: ', 'hsa04012', ' Overlap: ', 0, ' Edges: ', 0)
could not read code: ko04014
could not read code: hsa04014
('Pathway: ', 'hsa04014', ' Overlap: ', 0, ' Edges: ', 0)
could not read code: ko04015
could not read code: hsa04015
('Pathway: ', 'hsa04015', ' Overlap: ', 0, ' Edges: ', 0)
could not read code: ko04020
could not read code: hsa04020
('Pathway: ', 'hsa04020', ' Overlap: ', 0, ' Edges: ', 0)
could not read code: ko04022
could not read code: hsa04022
('Pathway: ', 'hsa04022', ' Overlap: ', 0, ' Edges: ', 0)
could not read code: ko04024
could not read code: hsa04024
('Pathway: ', 'hsa04024', ' Overlap: ', 0, ' Edges: ', 0)
could not read code: ko04060
could not read code: hsa04060
('Pathway: ', 'hsa04060', ' Overlap: ', 0, ' Edges: ', 0)
could not read code: ko04061
could not read code: hsa04061
('Pathway: ', 'hsa04061', ' Overlap: ', 0, ' Edges: ', 0)
could not read code: ko04062
could not read code: hsa04062
('Pathway: ', 'hsa04062', ' Overlap: ', 0, ' Edges: ', 0)
could not read code: ko04064
could not read code: hsa04064
('Pathway: ', 'hsa04064', ' Overlap: ', 0, ' Edges: ', 0)
could not read code: ko04066
could not read code: hsa04066
('Pathway: ', 'hsa04066', ' Overlap: ', 0, ' Edges: ', 0)
could not read code: ko04068
could not read code: hsa04068
('Pathway: ', 'hsa04068', ' Overlap: ', 0, ' Edges: ', 0)
could not read code: ko04070
could not read code: hsa04070
('Pathway: ', 'hsa04070', ' Overlap: ', 0, ' Edges: ', 0)
could not read code: ko04071
could not read code: hsa04071
('Pathway: ', 'hsa04071', ' Overlap: ', 0, ' Edges: ', 0)
could not read code: ko04072
could not read code: hsa04072
('Pathway: ', 'hsa04072', ' Overlap: ', 0, ' Edges: ', 0)
could not read code: ko04080
could not read code: hsa04080
('Pathway: ', 'hsa04080', ' Overlap: ', 0, ' Edges: ', 0)
could not read code: ko04110
could not read code: hsa04110
('Pathway: ', 'hsa04110', ' Overlap: ', 0, ' Edges: ', 0)
could not read code: ko04114
could not read code: hsa04114
('Pathway: ', 'hsa04114', ' Overlap: ', 0, ' Edges: ', 0)
could not read code: ko04115
could not read code: hsa04115
('Pathway: ', 'hsa04115', ' Overlap: ', 0, ' Edges: ', 0)
could not read code: ko04120
could not read code: hsa04120
('Pathway: ', 'hsa04120', ' Overlap: ', 0, ' Edges: ', 0)
could not read code: ko04122
could not read code: hsa04122
('Pathway: ', 'hsa04122', ' Overlap: ', 0, ' Edges: ', 0)
could not read code: ko04130
could not read code: hsa04130
('Pathway: ', 'hsa04130', ' Overlap: ', 0, ' Edges: ', 0)
could not read code: ko04136
could not read code: hsa04136
('Pathway: ', 'hsa04136', ' Overlap: ', 0, ' Edges: ', 0)
could not read code: ko04137
could not read code: hsa04137
('Pathway: ', 'hsa04137', ' Overlap: ', 0, ' Edges: ', 0)
could not read code: ko04140
could not read code: hsa04140
('Pathway: ', 'hsa04140', ' Overlap: ', 0, ' Edges: ', 0)
could not read code: ko04141
could not read code: hsa04141
('Pathway: ', 'hsa04141', ' Overlap: ', 0, ' Edges: ', 0)
could not read code: ko04142
could not read code: hsa04142
('Pathway: ', 'hsa04142', ' Overlap: ', 0, ' Edges: ', 0)
could not read code: ko04144
could not read code: hsa04144
('Pathway: ', 'hsa04144', ' Overlap: ', 0, ' Edges: ', 0)
could not read code: ko04145
could not read code: hsa04145
('Pathway: ', 'hsa04145', ' Overlap: ', 0, ' Edges: ', 0)
could not read code: ko04146
could not read code: hsa04146
('Pathway: ', 'hsa04146', ' Overlap: ', 0, ' Edges: ', 0)
could not read code: ko04150
could not read code: hsa04150
('Pathway: ', 'hsa04150', ' Overlap: ', 0, ' Edges: ', 0)
could not read code: ko04151
could not read code: hsa04151
('Pathway: ', 'hsa04151', ' Overlap: ', 0, ' Edges: ', 0)
could not read code: ko04152
could not read code: hsa04152
('Pathway: ', 'hsa04152', ' Overlap: ', 0, ' Edges: ', 0)
could not read code: ko04210
could not read code: hsa04210
('Pathway: ', 'hsa04210', ' Overlap: ', 0, ' Edges: ', 0)
could not read code: ko04211
could not read code: hsa04211
('Pathway: ', 'hsa04211', ' Overlap: ', 0, ' Edges: ', 0)
could not read code: ko04213
could not read code: hsa04213
('Pathway: ', 'hsa04213', ' Overlap: ', 0, ' Edges: ', 0)
could not read code: ko04215
could not read code: hsa04215
('Pathway: ', 'hsa04215', ' Overlap: ', 0, ' Edges: ', 0)
could not read code: ko04216
could not read code: hsa04216
('Pathway: ', 'hsa04216', ' Overlap: ', 0, ' Edges: ', 0)
could not read code: ko04217
could not read code: hsa04217
('Pathway: ', 'hsa04217', ' Overlap: ', 0, ' Edges: ', 0)
could not read code: ko04218
could not read code: hsa04218
('Pathway: ', 'hsa04218', ' Overlap: ', 0, ' Edges: ', 0)
could not read code: ko04260
could not read code: hsa04260
('Pathway: ', 'hsa04260', ' Overlap: ', 0, ' Edges: ', 0)
could not read code: ko04261
could not read code: hsa04261
('Pathway: ', 'hsa04261', ' Overlap: ', 0, ' Edges: ', 0)
could not read code: ko04270
could not read code: hsa04270
('Pathway: ', 'hsa04270', ' Overlap: ', 0, ' Edges: ', 0)
could not read code: ko04310
could not read code: hsa04310
('Pathway: ', 'hsa04310', ' Overlap: ', 0, ' Edges: ', 0)
could not read code: ko04330
could not read code: hsa04330
('Pathway: ', 'hsa04330', ' Overlap: ', 0, ' Edges: ', 0)
could not read code: ko04340
could not read code: hsa04340
('Pathway: ', 'hsa04340', ' Overlap: ', 0, ' Edges: ', 0)
could not read code: ko04350
could not read code: hsa04350
('Pathway: ', 'hsa04350', ' Overlap: ', 0, ' Edges: ', 0)
could not read code: ko04360
could not read code: hsa04360
('Pathway: ', 'hsa04360', ' Overlap: ', 0, ' Edges: ', 0)
could not read code: ko04370
could not read code: hsa04370
('Pathway: ', 'hsa04370', ' Overlap: ', 0, ' Edges: ', 0)
could not read code: ko04371
could not read code: hsa04371
('Pathway: ', 'hsa04371', ' Overlap: ', 0, ' Edges: ', 0)
could not read code: ko04380
could not read code: hsa04380
('Pathway: ', 'hsa04380', ' Overlap: ', 0, ' Edges: ', 0)
could not read code: ko04390
could not read code: hsa04390
('Pathway: ', 'hsa04390', ' Overlap: ', 0, ' Edges: ', 0)
could not read code: ko04392
could not read code: hsa04392
('Pathway: ', 'hsa04392', ' Overlap: ', 0, ' Edges: ', 0)
could not read code: ko04510
could not read code: hsa04510
('Pathway: ', 'hsa04510', ' Overlap: ', 0, ' Edges: ', 0)
could not read code: ko04512
could not read code: hsa04512
('Pathway: ', 'hsa04512', ' Overlap: ', 0, ' Edges: ', 0)
could not read code: ko04514
could not read code: hsa04514
('Pathway: ', 'hsa04514', ' Overlap: ', 0, ' Edges: ', 0)
could not read code: ko04520
could not read code: hsa04520
('Pathway: ', 'hsa04520', ' Overlap: ', 0, ' Edges: ', 0)
could not read code: ko04530
could not read code: hsa04530
('Pathway: ', 'hsa04530', ' Overlap: ', 0, ' Edges: ', 0)
could not read code: ko04540
could not read code: hsa04540
('Pathway: ', 'hsa04540', ' Overlap: ', 0, ' Edges: ', 0)
could not read code: ko04550
could not read code: hsa04550
('Pathway: ', 'hsa04550', ' Overlap: ', 0, ' Edges: ', 0)
could not read code: ko04610
could not read code: hsa04610
('Pathway: ', 'hsa04610', ' Overlap: ', 0, ' Edges: ', 0)
could not read code: ko04611
could not read code: hsa04611
('Pathway: ', 'hsa04611', ' Overlap: ', 0, ' Edges: ', 0)
could not read code: ko04612
could not read code: hsa04612
('Pathway: ', 'hsa04612', ' Overlap: ', 0, ' Edges: ', 0)
could not read code: ko04613
could not read code: hsa04613
('Pathway: ', 'hsa04613', ' Overlap: ', 0, ' Edges: ', 0)
could not read code: ko04614
could not read code: hsa04614
('Pathway: ', 'hsa04614', ' Overlap: ', 0, ' Edges: ', 0)
could not read code: ko04620
could not read code: hsa04620
('Pathway: ', 'hsa04620', ' Overlap: ', 0, ' Edges: ', 0)
could not read code: ko04621
could not read code: hsa04621
('Pathway: ', 'hsa04621', ' Overlap: ', 0, ' Edges: ', 0)
could not read code: ko04622
could not read code: hsa04622
('Pathway: ', 'hsa04622', ' Overlap: ', 0, ' Edges: ', 0)
could not read code: ko04623
could not read code: hsa04623
('Pathway: ', 'hsa04623', ' Overlap: ', 0, ' Edges: ', 0)
could not read code: ko04625
could not read code: hsa04625
('Pathway: ', 'hsa04625', ' Overlap: ', 0, ' Edges: ', 0)
could not read code: ko04630
could not read code: hsa04630
('Pathway: ', 'hsa04630', ' Overlap: ', 0, ' Edges: ', 0)
could not read code: ko04640
could not read code: hsa04640
('Pathway: ', 'hsa04640', ' Overlap: ', 0, ' Edges: ', 0)
could not read code: ko04650
could not read code: hsa04650
('Pathway: ', 'hsa04650', ' Overlap: ', 0, ' Edges: ', 0)
could not read code: ko04657
could not read code: hsa04657
('Pathway: ', 'hsa04657', ' Overlap: ', 0, ' Edges: ', 0)
could not read code: ko04658
could not read code: hsa04658
('Pathway: ', 'hsa04658', ' Overlap: ', 0, ' Edges: ', 0)
could not read code: ko04659
could not read code: hsa04659
('Pathway: ', 'hsa04659', ' Overlap: ', 0, ' Edges: ', 0)
could not read code: ko04660
could not read code: hsa04660
('Pathway: ', 'hsa04660', ' Overlap: ', 0, ' Edges: ', 0)
could not read code: ko04662
could not read code: hsa04662
('Pathway: ', 'hsa04662', ' Overlap: ', 0, ' Edges: ', 0)
could not read code: ko04664
could not read code: hsa04664
('Pathway: ', 'hsa04664', ' Overlap: ', 0, ' Edges: ', 0)
could not read code: ko04666
could not read code: hsa04666
('Pathway: ', 'hsa04666', ' Overlap: ', 0, ' Edges: ', 0)
could not read code: ko04668
could not read code: hsa04668
('Pathway: ', 'hsa04668', ' Overlap: ', 0, ' Edges: ', 0)
could not read code: ko04670
could not read code: hsa04670
('Pathway: ', 'hsa04670', ' Overlap: ', 0, ' Edges: ', 0)
could not read code: ko04672
could not read code: hsa04672
('Pathway: ', 'hsa04672', ' Overlap: ', 0, ' Edges: ', 0)
could not read code: ko04710
could not read code: hsa04710
('Pathway: ', 'hsa04710', ' Overlap: ', 0, ' Edges: ', 0)
could not read code: ko04713
could not read code: hsa04713
('Pathway: ', 'hsa04713', ' Overlap: ', 0, ' Edges: ', 0)
could not read code: ko04714
could not read code: hsa04714
('Pathway: ', 'hsa04714', ' Overlap: ', 0, ' Edges: ', 0)
could not read code: ko04720
could not read code: hsa04720
('Pathway: ', 'hsa04720', ' Overlap: ', 0, ' Edges: ', 0)
could not read code: ko04721
could not read code: hsa04721
('Pathway: ', 'hsa04721', ' Overlap: ', 0, ' Edges: ', 0)
could not read code: ko04722
could not read code: hsa04722
('Pathway: ', 'hsa04722', ' Overlap: ', 0, ' Edges: ', 0)
could not read code: ko04723
could not read code: hsa04723
('Pathway: ', 'hsa04723', ' Overlap: ', 0, ' Edges: ', 0)
could not read code: ko04724
could not read code: hsa04724
('Pathway: ', 'hsa04724', ' Overlap: ', 0, ' Edges: ', 0)
could not read code: ko04725
could not read code: hsa04725
('Pathway: ', 'hsa04725', ' Overlap: ', 0, ' Edges: ', 0)
could not read code: ko04726
could not read code: hsa04726
('Pathway: ', 'hsa04726', ' Overlap: ', 0, ' Edges: ', 0)
could not read code: ko04727
could not read code: hsa04727
('Pathway: ', 'hsa04727', ' Overlap: ', 0, ' Edges: ', 0)
could not read code: ko04728
could not read code: hsa04728
('Pathway: ', 'hsa04728', ' Overlap: ', 0, ' Edges: ', 0)
could not read code: ko04730
could not read code: hsa04730
('Pathway: ', 'hsa04730', ' Overlap: ', 0, ' Edges: ', 0)
could not read code: ko04740
could not read code: hsa04740
('Pathway: ', 'hsa04740', ' Overlap: ', 0, ' Edges: ', 0)
could not read code: ko04742
could not read code: hsa04742
('Pathway: ', 'hsa04742', ' Overlap: ', 0, ' Edges: ', 0)
could not read code: ko04744
could not read code: hsa04744
('Pathway: ', 'hsa04744', ' Overlap: ', 0, ' Edges: ', 0)
could not read code: ko04750
could not read code: hsa04750
('Pathway: ', 'hsa04750', ' Overlap: ', 0, ' Edges: ', 0)
could not read code: ko04810
could not read code: hsa04810
('Pathway: ', 'hsa04810', ' Overlap: ', 0, ' Edges: ', 0)
could not read code: ko04910
could not read code: hsa04910
('Pathway: ', 'hsa04910', ' Overlap: ', 0, ' Edges: ', 0)
could not read code: ko04911
could not read code: hsa04911
('Pathway: ', 'hsa04911', ' Overlap: ', 0, ' Edges: ', 0)
could not read code: ko04912
could not read code: hsa04912
('Pathway: ', 'hsa04912', ' Overlap: ', 0, ' Edges: ', 0)
could not read code: ko04913
could not read code: hsa04913
('Pathway: ', 'hsa04913', ' Overlap: ', 0, ' Edges: ', 0)
could not read code: ko04914
could not read code: hsa04914
('Pathway: ', 'hsa04914', ' Overlap: ', 0, ' Edges: ', 0)
could not read code: ko04915
could not read code: hsa04915
('Pathway: ', 'hsa04915', ' Overlap: ', 0, ' Edges: ', 0)
could not read code: ko04916
could not read code: hsa04916
('Pathway: ', 'hsa04916', ' Overlap: ', 0, ' Edges: ', 0)
could not read code: ko04917
could not read code: hsa04917
('Pathway: ', 'hsa04917', ' Overlap: ', 0, ' Edges: ', 0)
could not read code: ko04918
could not read code: hsa04918
('Pathway: ', 'hsa04918', ' Overlap: ', 0, ' Edges: ', 0)
could not read code: ko04919
could not read code: hsa04919
('Pathway: ', 'hsa04919', ' Overlap: ', 0, ' Edges: ', 0)
could not read code: ko04920
could not read code: hsa04920
('Pathway: ', 'hsa04920', ' Overlap: ', 0, ' Edges: ', 0)
could not read code: ko04921
could not read code: hsa04921
('Pathway: ', 'hsa04921', ' Overlap: ', 0, ' Edges: ', 0)
could not read code: ko04922
could not read code: hsa04922
('Pathway: ', 'hsa04922', ' Overlap: ', 0, ' Edges: ', 0)
could not read code: ko04923
could not read code: hsa04923
('Pathway: ', 'hsa04923', ' Overlap: ', 0, ' Edges: ', 0)
could not read code: ko04924
could not read code: hsa04924
('Pathway: ', 'hsa04924', ' Overlap: ', 0, ' Edges: ', 0)
could not read code: ko04925
could not read code: hsa04925
('Pathway: ', 'hsa04925', ' Overlap: ', 0, ' Edges: ', 0)
could not read code: ko04926
could not read code: hsa04926
('Pathway: ', 'hsa04926', ' Overlap: ', 0, ' Edges: ', 0)
could not read code: ko04927
could not read code: hsa04927
('Pathway: ', 'hsa04927', ' Overlap: ', 0, ' Edges: ', 0)
could not read code: ko04928
could not read code: hsa04928
('Pathway: ', 'hsa04928', ' Overlap: ', 0, ' Edges: ', 0)
could not read code: ko04929
could not read code: hsa04929
('Pathway: ', 'hsa04929', ' Overlap: ', 0, ' Edges: ', 0)
could not read code: ko04930
could not read code: hsa04930
('Pathway: ', 'hsa04930', ' Overlap: ', 0, ' Edges: ', 0)
could not read code: ko04931
could not read code: hsa04931
('Pathway: ', 'hsa04931', ' Overlap: ', 0, ' Edges: ', 0)
could not read code: ko04932
could not read code: hsa04932
('Pathway: ', 'hsa04932', ' Overlap: ', 0, ' Edges: ', 0)
could not read code: ko04933
could not read code: hsa04933
('Pathway: ', 'hsa04933', ' Overlap: ', 0, ' Edges: ', 0)
could not read code: ko04934
could not read code: hsa04934
('Pathway: ', 'hsa04934', ' Overlap: ', 0, ' Edges: ', 0)
could not read code: ko04935
could not read code: hsa04935
('Pathway: ', 'hsa04935', ' Overlap: ', 0, ' Edges: ', 0)
could not read code: ko04936
could not read code: hsa04936
('Pathway: ', 'hsa04936', ' Overlap: ', 0, ' Edges: ', 0)
could not read code: ko04940
could not read code: hsa04940
('Pathway: ', 'hsa04940', ' Overlap: ', 0, ' Edges: ', 0)
could not read code: ko04950
could not read code: hsa04950
('Pathway: ', 'hsa04950', ' Overlap: ', 0, ' Edges: ', 0)
could not read code: ko04960
could not read code: hsa04960
('Pathway: ', 'hsa04960', ' Overlap: ', 0, ' Edges: ', 0)
could not read code: ko04961
could not read code: hsa04961
('Pathway: ', 'hsa04961', ' Overlap: ', 0, ' Edges: ', 0)
could not read code: ko04962
could not read code: hsa04962
('Pathway: ', 'hsa04962', ' Overlap: ', 0, ' Edges: ', 0)
could not read code: ko04964
could not read code: hsa04964
('Pathway: ', 'hsa04964', ' Overlap: ', 0, ' Edges: ', 0)
could not read code: ko04966
could not read code: hsa04966
('Pathway: ', 'hsa04966', ' Overlap: ', 0, ' Edges: ', 0)
could not read code: ko04970
could not read code: hsa04970
('Pathway: ', 'hsa04970', ' Overlap: ', 0, ' Edges: ', 0)
could not read code: ko04971
could not read code: hsa04971
('Pathway: ', 'hsa04971', ' Overlap: ', 0, ' Edges: ', 0)
could not read code: ko04972
could not read code: hsa04972
('Pathway: ', 'hsa04972', ' Overlap: ', 0, ' Edges: ', 0)
could not read code: ko04973
could not read code: hsa04973
('Pathway: ', 'hsa04973', ' Overlap: ', 0, ' Edges: ', 0)
could not read code: ko04974
could not read code: hsa04974
('Pathway: ', 'hsa04974', ' Overlap: ', 0, ' Edges: ', 0)
could not read code: ko04975
could not read code: hsa04975
('Pathway: ', 'hsa04975', ' Overlap: ', 0, ' Edges: ', 0)
could not read code: ko04976
could not read code: hsa04976
('Pathway: ', 'hsa04976', ' Overlap: ', 0, ' Edges: ', 0)
could not read code: ko04977
could not read code: hsa04977
('Pathway: ', 'hsa04977', ' Overlap: ', 0, ' Edges: ', 0)
could not read code: ko04978
could not read code: hsa04978
('Pathway: ', 'hsa04978', ' Overlap: ', 0, ' Edges: ', 0)
could not read code: ko04979
could not read code: hsa04979
('Pathway: ', 'hsa04979', ' Overlap: ', 0, ' Edges: ', 0)
could not read code: ko05010
could not read code: hsa05010
('Pathway: ', 'hsa05010', ' Overlap: ', 0, ' Edges: ', 0)
could not read code: ko05012
could not read code: hsa05012
('Pathway: ', 'hsa05012', ' Overlap: ', 0, ' Edges: ', 0)
could not read code: ko05014
could not read code: hsa05014
('Pathway: ', 'hsa05014', ' Overlap: ', 0, ' Edges: ', 0)
could not read code: ko05016
could not read code: hsa05016
('Pathway: ', 'hsa05016', ' Overlap: ', 0, ' Edges: ', 0)
could not read code: ko05017
could not read code: hsa05017
('Pathway: ', 'hsa05017', ' Overlap: ', 0, ' Edges: ', 0)
could not read code: ko05020
could not read code: hsa05020
('Pathway: ', 'hsa05020', ' Overlap: ', 0, ' Edges: ', 0)
could not read code: ko05022
could not read code: hsa05022
('Pathway: ', 'hsa05022', ' Overlap: ', 0, ' Edges: ', 0)
could not read code: ko05030
could not read code: hsa05030
('Pathway: ', 'hsa05030', ' Overlap: ', 0, ' Edges: ', 0)
could not read code: ko05031
could not read code: hsa05031
('Pathway: ', 'hsa05031', ' Overlap: ', 0, ' Edges: ', 0)
could not read code: ko05032
could not read code: hsa05032
('Pathway: ', 'hsa05032', ' Overlap: ', 0, ' Edges: ', 0)
could not read code: ko05033
could not read code: hsa05033
('Pathway: ', 'hsa05033', ' Overlap: ', 0, ' Edges: ', 0)
could not read code: ko05034
could not read code: hsa05034
('Pathway: ', 'hsa05034', ' Overlap: ', 0, ' Edges: ', 0)
could not read code: ko05100
could not read code: hsa05100
('Pathway: ', 'hsa05100', ' Overlap: ', 0, ' Edges: ', 0)
could not read code: ko05110
could not read code: hsa05110
('Pathway: ', 'hsa05110', ' Overlap: ', 0, ' Edges: ', 0)
could not read code: ko05120
could not read code: hsa05120
('Pathway: ', 'hsa05120', ' Overlap: ', 0, ' Edges: ', 0)
could not read code: ko05130
could not read code: hsa05130
('Pathway: ', 'hsa05130', ' Overlap: ', 0, ' Edges: ', 0)
could not read code: ko05131
could not read code: hsa05131
('Pathway: ', 'hsa05131', ' Overlap: ', 0, ' Edges: ', 0)
could not read code: ko05132
could not read code: hsa05132
('Pathway: ', 'hsa05132', ' Overlap: ', 0, ' Edges: ', 0)
could not read code: ko05133
could not read code: hsa05133
('Pathway: ', 'hsa05133', ' Overlap: ', 0, ' Edges: ', 0)
could not read code: ko05134
could not read code: hsa05134
('Pathway: ', 'hsa05134', ' Overlap: ', 0, ' Edges: ', 0)
could not read code: ko05135
could not read code: hsa05135
('Pathway: ', 'hsa05135', ' Overlap: ', 0, ' Edges: ', 0)
could not read code: ko05140
could not read code: hsa05140
('Pathway: ', 'hsa05140', ' Overlap: ', 0, ' Edges: ', 0)
could not read code: ko05142
could not read code: hsa05142
('Pathway: ', 'hsa05142', ' Overlap: ', 0, ' Edges: ', 0)
could not read code: ko05143
could not read code: hsa05143
('Pathway: ', 'hsa05143', ' Overlap: ', 0, ' Edges: ', 0)
could not read code: ko05144
could not read code: hsa05144
('Pathway: ', 'hsa05144', ' Overlap: ', 0, ' Edges: ', 0)
could not read code: ko05145
could not read code: hsa05145
('Pathway: ', 'hsa05145', ' Overlap: ', 0, ' Edges: ', 0)
could not read code: ko05146
could not read code: hsa05146
('Pathway: ', 'hsa05146', ' Overlap: ', 0, ' Edges: ', 0)
could not read code: ko05150
could not read code: hsa05150
('Pathway: ', 'hsa05150', ' Overlap: ', 0, ' Edges: ', 0)
could not read code: ko05152
could not read code: hsa05152
('Pathway: ', 'hsa05152', ' Overlap: ', 0, ' Edges: ', 0)
could not read code: ko05160
could not read code: hsa05160
('Pathway: ', 'hsa05160', ' Overlap: ', 0, ' Edges: ', 0)
could not read code: ko05161
could not read code: hsa05161
('Pathway: ', 'hsa05161', ' Overlap: ', 0, ' Edges: ', 0)
could not read code: ko05162
could not read code: hsa05162
('Pathway: ', 'hsa05162', ' Overlap: ', 0, ' Edges: ', 0)
could not read code: ko05163
could not read code: hsa05163
('Pathway: ', 'hsa05163', ' Overlap: ', 0, ' Edges: ', 0)
could not read code: ko05164
could not read code: hsa05164
('Pathway: ', 'hsa05164', ' Overlap: ', 0, ' Edges: ', 0)
could not read code: ko05165
could not read code: hsa05165
('Pathway: ', 'hsa05165', ' Overlap: ', 0, ' Edges: ', 0)
could not read code: ko05166
could not read code: hsa05166
('Pathway: ', 'hsa05166', ' Overlap: ', 0, ' Edges: ', 0)
could not read code: ko05167
could not read code: hsa05167
('Pathway: ', 'hsa05167', ' Overlap: ', 0, ' Edges: ', 0)
could not read code: ko05168
could not read code: hsa05168
('Pathway: ', 'hsa05168', ' Overlap: ', 0, ' Edges: ', 0)
could not read code: ko05169
could not read code: hsa05169
('Pathway: ', 'hsa05169', ' Overlap: ', 0, ' Edges: ', 0)
could not read code: ko05170
could not read code: hsa05170
('Pathway: ', 'hsa05170', ' Overlap: ', 0, ' Edges: ', 0)
could not read code: ko05171
could not read code: hsa05171
('Pathway: ', 'hsa05171', ' Overlap: ', 0, ' Edges: ', 0)
could not read code: ko05200
could not read code: hsa05200
('Pathway: ', 'hsa05200', ' Overlap: ', 0, ' Edges: ', 0)
could not read code: ko05202
could not read code: hsa05202
('Pathway: ', 'hsa05202', ' Overlap: ', 0, ' Edges: ', 0)
could not read code: ko05203
could not read code: hsa05203
('Pathway: ', 'hsa05203', ' Overlap: ', 0, ' Edges: ', 0)
could not read code: ko05204
could not read code: hsa05204
('Pathway: ', 'hsa05204', ' Overlap: ', 0, ' Edges: ', 0)
could not read code: ko05205
could not read code: hsa05205
('Pathway: ', 'hsa05205', ' Overlap: ', 0, ' Edges: ', 0)
could not read code: ko05206
could not read code: hsa05206
('Pathway: ', 'hsa05206', ' Overlap: ', 0, ' Edges: ', 0)
could not read code: ko05207
could not read code: hsa05207
('Pathway: ', 'hsa05207', ' Overlap: ', 0, ' Edges: ', 0)
could not read code: ko05208
could not read code: hsa05208
('Pathway: ', 'hsa05208', ' Overlap: ', 0, ' Edges: ', 0)
could not read code: ko05210
could not read code: hsa05210
('Pathway: ', 'hsa05210', ' Overlap: ', 0, ' Edges: ', 0)
could not read code: ko05211
could not read code: hsa05211
('Pathway: ', 'hsa05211', ' Overlap: ', 0, ' Edges: ', 0)
could not read code: ko05212
could not read code: hsa05212
('Pathway: ', 'hsa05212', ' Overlap: ', 0, ' Edges: ', 0)
could not read code: ko05213
could not read code: hsa05213
('Pathway: ', 'hsa05213', ' Overlap: ', 0, ' Edges: ', 0)
could not read code: ko05214
could not read code: hsa05214
('Pathway: ', 'hsa05214', ' Overlap: ', 0, ' Edges: ', 0)
could not read code: ko05215
could not read code: hsa05215
('Pathway: ', 'hsa05215', ' Overlap: ', 0, ' Edges: ', 0)
could not read code: ko05216
could not read code: hsa05216
('Pathway: ', 'hsa05216', ' Overlap: ', 0, ' Edges: ', 0)
could not read code: ko05217
could not read code: hsa05217
('Pathway: ', 'hsa05217', ' Overlap: ', 0, ' Edges: ', 0)
could not read code: ko05218
could not read code: hsa05218
('Pathway: ', 'hsa05218', ' Overlap: ', 0, ' Edges: ', 0)
could not read code: ko05219
could not read code: hsa05219
('Pathway: ', 'hsa05219', ' Overlap: ', 0, ' Edges: ', 0)
could not read code: ko05220
could not read code: hsa05220
('Pathway: ', 'hsa05220', ' Overlap: ', 0, ' Edges: ', 0)
could not read code: ko05221
could not read code: hsa05221
('Pathway: ', 'hsa05221', ' Overlap: ', 0, ' Edges: ', 0)
could not read code: ko05222
could not read code: hsa05222
('Pathway: ', 'hsa05222', ' Overlap: ', 0, ' Edges: ', 0)
could not read code: ko05223
could not read code: hsa05223
('Pathway: ', 'hsa05223', ' Overlap: ', 0, ' Edges: ', 0)
could not read code: ko05224
could not read code: hsa05224
('Pathway: ', 'hsa05224', ' Overlap: ', 0, ' Edges: ', 0)
could not read code: ko05225
could not read code: hsa05225
('Pathway: ', 'hsa05225', ' Overlap: ', 0, ' Edges: ', 0)
could not read code: ko05226
could not read code: hsa05226
('Pathway: ', 'hsa05226', ' Overlap: ', 0, ' Edges: ', 0)
could not read code: ko05230
could not read code: hsa05230
('Pathway: ', 'hsa05230', ' Overlap: ', 0, ' Edges: ', 0)
could not read code: ko05231
could not read code: hsa05231
('Pathway: ', 'hsa05231', ' Overlap: ', 0, ' Edges: ', 0)
could not read code: ko05235
could not read code: hsa05235
('Pathway: ', 'hsa05235', ' Overlap: ', 0, ' Edges: ', 0)
could not read code: ko05310
could not read code: hsa05310
('Pathway: ', 'hsa05310', ' Overlap: ', 0, ' Edges: ', 0)
could not read code: ko05320
could not read code: hsa05320
('Pathway: ', 'hsa05320', ' Overlap: ', 0, ' Edges: ', 0)
could not read code: ko05321
could not read code: hsa05321
('Pathway: ', 'hsa05321', ' Overlap: ', 0, ' Edges: ', 0)
could not read code: ko05322
could not read code: hsa05322
('Pathway: ', 'hsa05322', ' Overlap: ', 0, ' Edges: ', 0)
could not read code: ko05323
could not read code: hsa05323
('Pathway: ', 'hsa05323', ' Overlap: ', 0, ' Edges: ', 0)
could not read code: ko05330
could not read code: hsa05330
('Pathway: ', 'hsa05330', ' Overlap: ', 0, ' Edges: ', 0)
could not read code: ko05332
could not read code: hsa05332
('Pathway: ', 'hsa05332', ' Overlap: ', 0, ' Edges: ', 0)
could not read code: ko05340
could not read code: hsa05340
('Pathway: ', 'hsa05340', ' Overlap: ', 0, ' Edges: ', 0)
could not read code: ko05410
could not read code: hsa05410
('Pathway: ', 'hsa05410', ' Overlap: ', 0, ' Edges: ', 0)
could not read code: ko05412
could not read code: hsa05412
('Pathway: ', 'hsa05412', ' Overlap: ', 0, ' Edges: ', 0)
could not read code: ko05414
could not read code: hsa05414
('Pathway: ', 'hsa05414', ' Overlap: ', 0, ' Edges: ', 0)
could not read code: ko05415
could not read code: hsa05415
('Pathway: ', 'hsa05415', ' Overlap: ', 0, ' Edges: ', 0)
could not read code: ko05416
could not read code: hsa05416
('Pathway: ', 'hsa05416', ' Overlap: ', 0, ' Edges: ', 0)
could not read code: ko05417
could not read code: hsa05417
('Pathway: ', 'hsa05417', ' Overlap: ', 0, ' Edges: ', 0)
could not read code: ko05418
could not read code: hsa05418
('Pathway: ', 'hsa05418', ' Overlap: ', 0, ' Edges: ', 0)
